# JRE version: Java(TM) SE Runtime Environment (21.0+35) (build 21+35-LTS-2513)
# Java VM: Java HotSpot(TM) 64-Bit Server VM (21+35-LTS-2513, mixed mode, emulated-client, sharing, tiered, compressed oops, compressed class ptrs, g1 gc, windows-amd64)
GC Precious Log:
 CardTable entry size: 512
 Card Set container configuration: InlinePtr #cards 5 size 8 Array Of Cards #cards 12 size 40 Howl #buckets 4 coarsen threshold 1843 Howl Bitmap #cards 512 size 80 coarsen threshold 460 Card regions per heap region 1 cards per card region 2048
 CPUs: 8 total, 8 available
 Memory: 15293M
 Large Page Support: Disabled
 NUMA Support: Disabled
 Compressed Oops: Enabled (32-bit)
 Heap Region Size: 1M
 Heap Min Capacity: 8M
 Heap Initial Capacity: 240M
 Heap Max Capacity: 1G
 Pre-touch: Disabled
 Parallel Workers: 8
 Concurrent Workers: 2
 Concurrent Refinement Workers: 8
 Periodic GC: Disabled
Heap:
 garbage-first heap   total 103424K, used 38280K [0x00000000c0000000, 0x0000000100000000)
  region size 1024K, 1 young (1024K), 0 survivors (0K)
 Metaspace       used 54118K, committed 54912K, reserved 1114112K
  class space    used 6793K, committed 7168K, reserved 1048576K
GC Heap History (20 events):
Event: 31716.084 GC heap after
{Heap after GC invocations=941 (full 922):
 garbage-first heap   total 103424K, used 38280K [0x00000000c0000000, 0x0000000100000000)
  region size 1024K, 0 young (0K), 0 survivors (0K)
 Metaspace       used 54118K, committed 54912K, reserved 1114112K
  class space    used 6793K, committed 7168K, reserved 1048576K
}
Event: 31726.588 GC heap before
{Heap before GC invocations=941 (full 922):
 garbage-first heap   total 103424K, used 38280K [0x00000000c0000000, 0x0000000100000000)
  region size 1024K, 1 young (1024K), 0 survivors (0K)
 Metaspace       used 54118K, committed 54912K, reserved 1114112K
  class space    used 6793K, committed 7168K, reserved 1048576K
}
Event: 31726.661 GC heap after
{Heap after GC invocations=942 (full 923):
 garbage-first heap   total 103424K, used 38280K [0x00000000c0000000, 0x0000000100000000)
  region size 1024K, 0 young (0K), 0 survivors (0K)
 Metaspace       used 54118K, committed 54912K, reserved 1114112K
  class space    used 6793K, committed 7168K, reserved 1048576K
}
Event: 31737.132 GC heap before
{Heap before GC invocations=942 (full 923):
 garbage-first heap   total 103424K, used 38280K [0x00000000c0000000, 0x0000000100000000)
  region size 1024K, 1 young (1024K), 0 survivors (0K)
 Metaspace       used 54118K, committed 54912K, reserved 1114112K
  class space    used 6793K, committed 7168K, reserved 1048576K
}
Event: 31737.199 GC heap after
{Heap after GC invocations=943 (full 924):
 garbage-first heap   total 103424K, used 38280K [0x00000000c0000000, 0x0000000100000000)
  region size 1024K, 0 young (0K), 0 survivors (0K)
 Metaspace       used 54118K, committed 54912K, reserved 1114112K
  class space    used 6793K, committed 7168K, reserved 1048576K
}
Event: 31747.686 GC heap before
{Heap before GC invocations=943 (full 924):
 garbage-first heap   total 103424K, used 38280K [0x00000000c0000000, 0x0000000100000000)
  region size 1024K, 1 young (1024K), 0 survivors (0K)
 Metaspace       used 54118K, committed 54912K, reserved 1114112K
  class space    used 6793K, committed 7168K, reserved 1048576K
}
Event: 31747.767 GC heap after
{Heap after GC invocations=944 (full 925):
 garbage-first heap   total 103424K, used 38280K [0x00000000c0000000, 0x0000000100000000)
  region size 1024K, 0 young (0K), 0 survivors (0K)
 Metaspace       used 54118K, committed 54912K, reserved 1114112K
  class space    used 6793K, committed 7168K, reserved 1048576K
}
Event: 31758.260 GC heap before
{Heap before GC invocations=944 (full 925):
 garbage-first heap   total 103424K, used 38280K [0x00000000c0000000, 0x0000000100000000)
  region size 1024K, 1 young (1024K), 0 survivors (0K)
 Metaspace       used 54118K, committed 54912K, reserved 1114112K
  class space    used 6793K, committed 7168K, reserved 1048576K
}
Event: 31758.333 GC heap after
{Heap after GC invocations=945 (full 926):
 garbage-first heap   total 103424K, used 38280K [0x00000000c0000000, 0x0000000100000000)
  region size 1024K, 0 young (0K), 0 survivors (0K)
 Metaspace       used 54118K, committed 54912K, reserved 1114112K
  class space    used 6793K, committed 7168K, reserved 1048576K
}
Event: 31768.788 GC heap before
{Heap before GC invocations=945 (full 926):
 garbage-first heap   total 103424K, used 38280K [0x00000000c0000000, 0x0000000100000000)
  region size 1024K, 1 young (1024K), 0 survivors (0K)
 Metaspace       used 54118K, committed 54912K, reserved 1114112K
  class space    used 6793K, committed 7168K, reserved 1048576K
}
Event: 31768.859 GC heap after
{Heap after GC invocations=946 (full 927):
 garbage-first heap   total 103424K, used 38280K [0x00000000c0000000, 0x0000000100000000)
  region size 1024K, 0 young (0K), 0 survivors (0K)
 Metaspace       used 54118K, committed 54912K, reserved 1114112K
  class space    used 6793K, committed 7168K, reserved 1048576K
}
Event: 31779.344 GC heap before
{Heap before GC invocations=946 (full 927):
 garbage-first heap   total 103424K, used 38280K [0x00000000c0000000, 0x0000000100000000)
  region size 1024K, 1 young (1024K), 0 survivors (0K)
 Metaspace       used 54118K, committed 54912K, reserved 1114112K
  class space    used 6793K, committed 7168K, reserved 1048576K
}
Event: 31779.424 GC heap after
{Heap after GC invocations=947 (full 928):
 garbage-first heap   total 103424K, used 38280K [0x00000000c0000000, 0x0000000100000000)
  region size 1024K, 0 young (0K), 0 survivors (0K)
 Metaspace       used 54118K, committed 54912K, reserved 1114112K
  class space    used 6793K, committed 7168K, reserved 1048576K
}
Event: 31789.903 GC heap before
{Heap before GC invocations=947 (full 928):
 garbage-first heap   total 103424K, used 38280K [0x00000000c0000000, 0x0000000100000000)
  region size 1024K, 1 young (1024K), 0 survivors (0K)
 Metaspace       used 54118K, committed 54912K, reserved 1114112K
  class space    used 6793K, committed 7168K, reserved 1048576K
}
Event: 31789.976 GC heap after
{Heap after GC invocations=948 (full 929):
 garbage-first heap   total 103424K, used 38280K [0x00000000c0000000, 0x0000000100000000)
  region size 1024K, 0 young (0K), 0 survivors (0K)
 Metaspace       used 54118K, committed 54912K, reserved 1114112K
  class space    used 6793K, committed 7168K, reserved 1048576K
}
Event: 31800.467 GC heap before
{Heap before GC invocations=948 (full 929):
 garbage-first heap   total 103424K, used 38280K [0x00000000c0000000, 0x0000000100000000)
  region size 1024K, 1 young (1024K), 0 survivors (0K)
 Metaspace       used 54118K, committed 54912K, reserved 1114112K
  class space    used 6793K, committed 7168K, reserved 1048576K
}
Event: 31800.542 GC heap after
{Heap after GC invocations=949 (full 930):
 garbage-first heap   total 103424K, used 38280K [0x00000000c0000000, 0x0000000100000000)
  region size 1024K, 0 young (0K), 0 survivors (0K)
 Metaspace       used 54118K, committed 54912K, reserved 1114112K
  class space    used 6793K, committed 7168K, reserved 1048576K
}
Event: 31810.998 GC heap before
{Heap before GC invocations=949 (full 930):
 garbage-first heap   total 103424K, used 38280K [0x00000000c0000000, 0x0000000100000000)
  region size 1024K, 1 young (1024K), 0 survivors (0K)
 Metaspace       used 54118K, committed 54912K, reserved 1114112K
  class space    used 6793K, committed 7168K, reserved 1048576K
}
Event: 31811.077 GC heap after
{Heap after GC invocations=950 (full 931):
 garbage-first heap   total 103424K, used 38280K [0x00000000c0000000, 0x0000000100000000)
  region size 1024K, 0 young (0K), 0 survivors (0K)
 Metaspace       used 54118K, committed 54912K, reserved 1114112K
  class space    used 6793K, committed 7168K, reserved 1048576K
}
Event: 31821.210 GC heap before
{Heap before GC invocations=950 (full 931):
 garbage-first heap   total 103424K, used 38280K [0x00000000c0000000, 0x0000000100000000)
  region size 1024K, 1 young (1024K), 0 survivors (0K)
 Metaspace       used 54118K, committed 54912K, reserved 1114112K
  class space    used 6793K, committed 7168K, reserved 1048576K
}

